<?xml version="1.0" encoding="UTF-8"?>
<testng-results skipped="0" failed="0" ignored="0" total="2" passed="2">
  <reporter-output>
  </reporter-output>
  <suite name="Default suite" duration-ms="14081" started-at="2018-07-31T18:08:45Z" finished-at="2018-07-31T18:08:59Z">
    <groups>
    </groups>
    <test name="Default test" duration-ms="14081" started-at="2018-07-31T18:08:45Z" finished-at="2018-07-31T18:08:59Z">
      <class name="RestApi.RestApi.TestApi">
        <test-method status="PASS" signature="GetWeatherDetails()[pri:0, instance:RestApi.RestApi.TestApi@1b26f7b2]" name="GetWeatherDetails" duration-ms="9939" started-at="2018-07-31T18:08:45Z" finished-at="2018-07-31T18:08:55Z">
          <reporter-output>
          </reporter-output>
        </test-method> <!-- GetWeatherDetails -->
        <test-method status="PASS" signature="RegistrationSuccessful()[pri:0, instance:RestApi.RestApi.TestApi@1b26f7b2]" name="RegistrationSuccessful" duration-ms="3852" started-at="2018-07-31T18:08:55Z" finished-at="2018-07-31T18:08:59Z">
          <reporter-output>
          </reporter-output>
        </test-method> <!-- RegistrationSuccessful -->
      </class> <!-- RestApi.RestApi.TestApi -->
    </test> <!-- Default test -->
  </suite> <!-- Default suite -->
</testng-results>
